<?xml version="1.0" encoding="UTF-8"?>
<!-- Generated by org.testng.reporters.JUnitReportReporter -->
<testsuite skipped="0" hostname="L505613" name="com.qa.demoBlaze.test.FindFlightsPageTest" tests="1" failures="0" timestamp="03 Sep 2021 05:27:11 GMT" time="2.066" errors="0">
  <testcase name="verifyChooseFlightTest" time="2.066" classname="com.qa.demoBlaze.test.FindFlightsPageTest"/>
</testsuite> <!-- com.qa.demoBlaze.test.FindFlightsPageTest -->
