<?xml version="1.0" encoding="UTF-8"?>
<!-- Generated by org.testng.reporters.JUnitReportReporter -->
<testsuite skipped="0" hostname="L505613" name="com.qa.bistackanywhere.PageTest.LoginPageTest" tests="3" failures="0" timestamp="25 Sep 2020 17:17:59 GMT" time="26.431" errors="0">
  <testcase name="verifyLoginPageTitle" time="0.025" classname="com.qa.bistackanywhere.PageTest.LoginPageTest"/>
  <testcase name="verifyLoginPageHeader" time="0.037" classname="com.qa.bistackanywhere.PageTest.LoginPageTest"/>
  <testcase name="verifyLoginuserTest" time="26.369" classname="com.qa.bistackanywhere.PageTest.LoginPageTest"/>
</testsuite> <!-- com.qa.bistackanywhere.PageTest.LoginPageTest -->
