<?xml version="1.0" encoding="UTF-8"?>
<!-- Generated by org.testng.reporters.JUnitReportReporter -->
<testsuite skipped="0" hostname="L505613" name="com.qa.demoBlaze.test.WelcomePageTest" tests="5" failures="0" timestamp="03 Sep 2021 05:27:11 GMT" time="1.355" errors="0">
  <testcase name="verifyWelcomePageTitleTest" time="0.070" classname="com.qa.demoBlaze.test.WelcomePageTest"/>
  <testcase name="verifyWelcomePageHeaderTest" time="0.031" classname="com.qa.demoBlaze.test.WelcomePageTest"/>
  <testcase name="verifyDepartureCitySelectTest" time="0.154" classname="com.qa.demoBlaze.test.WelcomePageTest"/>
  <testcase name="verifyToCitySelectTest" time="0.188" classname="com.qa.demoBlaze.test.WelcomePageTest"/>
  <testcase name="verifyFindFlightsTest" time="0.912" classname="com.qa.demoBlaze.test.WelcomePageTest"/>
</testsuite> <!-- com.qa.demoBlaze.test.WelcomePageTest -->
